[07:36:33.225] ERROR (6800): Error name and type
    err: {
      "type": "Error",
      "message": "cannot divide",
      "stack":
          Error: cannot divide
              at divide (I:\Real projects\Blog-App-MERN\blog-backend\helpers\logger.js:5:11)
              at Object.<anonymous> (I:\Real projects\Blog-App-MERN\blog-backend\helpers\logger.js:37:18)
              at Module._compile (node:internal/modules/cjs/loader:1126:14)
              at Object.Module._extensions..js (node:internal/modules/cjs/loader:1180:10)
              at Module.load (node:internal/modules/cjs/loader:1004:32)
              at Function.Module._load (node:internal/modules/cjs/loader:839:12)
              at Function.executeUserEntryPoint [as runMain] (node:internal/modules/run_main:81:12)
              at node:internal/main/run_main_module:17:47
    }
[07:37:44.514] ERROR (13904): Error name and type
    err: {
      "type": "Error",
      "message": "cannot divide",
      "stack":
          Error: cannot divide
              at divide (I:\Real projects\Blog-App-MERN\blog-backend\helpers\logger.js:5:11)
              at Object.<anonymous> (I:\Real projects\Blog-App-MERN\blog-backend\helpers\logger.js:37:18)
              at Module._compile (node:internal/modules/cjs/loader:1126:14)
              at Object.Module._extensions..js (node:internal/modules/cjs/loader:1180:10)
              at Module.load (node:internal/modules/cjs/loader:1004:32)
              at Function.Module._load (node:internal/modules/cjs/loader:839:12)
              at Function.executeUserEntryPoint [as runMain] (node:internal/modules/run_main:81:12)
              at node:internal/main/run_main_module:17:47
    }
